{
  "RSpec": {
    "coverage": {
      "/Users/admin/Desktop/Nsa_challenge/nsa_api/config/environment.rb": [
        null,
        1,
        null,
        null,
        1
      ],
      "/Users/admin/Desktop/Nsa_challenge/nsa_api/config/application.rb": [
        1,
        null,
        1,
        null,
        1,
        1,
        1,
        1,
        1,
        1,
        1,
        null,
        null,
        null,
        null,
        1,
        null,
        1,
        1,
        null,
        null,
        null,
        null,
        null,
        null,
        null,
        null,
        null,
        null,
        null,
        null,
        null,
        1,
        1,
        1,
        null,
        null,
        null
      ],
      "/Users/admin/Desktop/Nsa_challenge/nsa_api/config/boot.rb": [
        1,
        null,
        1
      ],
      "/Users/admin/Desktop/Nsa_challenge/nsa_api/config/environments/test.rb": [
        1,
        null,
        null,
        null,
        null,
        null,
        null,
        1,
        null,
        null,
        null,
        null,
        1,
        null,
        null,
        1,
        1,
        null,
        null,
        1,
        1,
        null,
        null,
        1,
        null,
        null,
        1,
        null,
        null,
        null,
        null,
        1,
        null,
        null,
        1,
        null,
        null,
        1,
        null,
        null,
        null,
        null
      ],
      "/Users/admin/Desktop/Nsa_challenge/nsa_api/config/initializers/assets.rb": [
        null,
        null,
        null,
        1,
        null,
        null,
        null,
        null,
        null,
        null,
        null
      ],
      "/Users/admin/Desktop/Nsa_challenge/nsa_api/config/initializers/backtrace_silencers.rb": [
        null,
        null,
        null,
        null,
        null,
        null,
        null
      ],
      "/Users/admin/Desktop/Nsa_challenge/nsa_api/config/initializers/cookies_serializer.rb": [
        null,
        null,
        1
      ],
      "/Users/admin/Desktop/Nsa_challenge/nsa_api/config/initializers/filter_parameter_logging.rb": [
        null,
        null,
        null,
        1
      ],
      "/Users/admin/Desktop/Nsa_challenge/nsa_api/config/initializers/inflections.rb": [
        null,
        null,
        null,
        null,
        null,
        null,
        null,
        null,
        null,
        null,
        null,
        null,
        null,
        null,
        null,
        null
      ],
      "/Users/admin/Desktop/Nsa_challenge/nsa_api/config/initializers/mime_types.rb": [
        null,
        null,
        null,
        null
      ],
      "/Users/admin/Desktop/Nsa_challenge/nsa_api/config/initializers/session_store.rb": [
        null,
        null,
        1
      ],
      "/Users/admin/Desktop/Nsa_challenge/nsa_api/config/initializers/wrap_parameters.rb": [
        null,
        null,
        null,
        null,
        null,
        null,
        1,
        1,
        null,
        null,
        null,
        null,
        null,
        null
      ],
      "/Users/admin/Desktop/Nsa_challenge/nsa_api/config/routes.rb": [
        1,
        1,
        1,
        null,
        null,
        null,
        null,
        null,
        1,
        null,
        null,
        null,
        1,
        null,
        null,
        null,
        null,
        null,
        null,
        null,
        null,
        null,
        null,
        null,
        null,
        null,
        null,
        null,
        null,
        null,
        null,
        null,
        null,
        null,
        null,
        null,
        null,
        null,
        null,
        null,
        null,
        null,
        null,
        null,
        null,
        null,
        null,
        null,
        null,
        null,
        null,
        null,
        null,
        null,
        null,
        null,
        null,
        null,
        null,
        null
      ],
      "/Users/admin/Desktop/Nsa_challenge/nsa_api/app/helpers/application_helper.rb": [
        1,
        null
      ],
      "/Users/admin/Desktop/Nsa_challenge/nsa_api/spec/support/databasecleaner.rb": [
        null,
        null,
        1,
        null,
        1,
        1,
        null,
        null,
        1,
        5,
        null,
        null,
        1,
        0,
        null,
        null,
        1,
        5,
        null,
        null,
        1,
        5,
        null,
        null,
        null
      ],
      "/Users/admin/Desktop/Nsa_challenge/nsa_api/spec/support/factorygirl.rb": [
        null,
        null,
        1,
        1,
        null,
        1,
        1,
        1,
        1,
        null,
        1,
        null,
        null,
        null
      ],
      "/Users/admin/Desktop/Nsa_challenge/nsa_api/app/controllers/geo_api_controller.rb": [
        1,
        1,
        1,
        null,
        null,
        1,
        1,
        1,
        1,
        null,
        1,
        2,
        null,
        2,
        2,
        null,
        0,
        null,
        null,
        null,
        null,
        null,
        null,
        1,
        3,
        null,
        3,
        null,
        3,
        null,
        3,
        2,
        null,
        null,
        null,
        null,
        1,
        null,
        1,
        1,
        1,
        null,
        1,
        null,
        null,
        null,
        null,
        null,
        null,
        null,
        null
      ],
      "/Users/admin/Desktop/Nsa_challenge/nsa_api/lib/configurations.rb": [
        1,
        1,
        null,
        1,
        3,
        3,
        3,
        null,
        0,
        0,
        null,
        null,
        null,
        1,
        1,
        1,
        null,
        null,
        null
      ],
      "/Users/admin/Desktop/Nsa_challenge/nsa_api/lib/geolocation.rb": [
        null,
        1,
        1,
        null,
        1,
        3,
        null,
        3,
        null,
        null,
        1,
        3,
        3,
        null,
        3,
        null,
        3,
        null,
        9,
        9,
        null,
        3,
        3,
        null,
        3,
        null,
        null,
        null
      ],
      "/Users/admin/Desktop/Nsa_challenge/nsa_api/lib/httprequests.rb": [
        1,
        1,
        null,
        1,
        5,
        5,
        5,
        5,
        null,
        null,
        null,
        1,
        5,
        null,
        5,
        5,
        5,
        5,
        null,
        null,
        null,
        1,
        3,
        300,
        null,
        null,
        null
      ],
      "/Users/admin/Desktop/Nsa_challenge/nsa_api/app/controllers/application_controller.rb": [
        1,
        null
      ]
    },
    "timestamp": 1436760194
  }
}
